2025-07-27 13:34:38,299 - OS: Windows
2025-07-27 13:34:38,300 - OS Version: 10.0.22621
2025-07-27 13:34:38,300 - Machine: AMD64
2025-07-27 13:34:38,300 - Processor: AMD64 Family 23 Model 160 Stepping 0, AuthenticAMD
2025-07-27 13:34:38,300 - CPU Cores: 8
2025-07-27 13:34:38,301 - RAM (GB): 5.83
2025-07-27 13:34:38,301 - Disk Total (GB): 476.21
2025-07-27 13:34:38,301 - Disk Used (%): 39.6
2025-07-27 13:34:38,301 - Hostname: _Dinesh_karthi_
2025-07-27 13:34:38,301 - IP Address: 192.168.0.3
2025-07-27 14:16:05,149 - OS: Windows
2025-07-27 14:16:05,152 - OS Version: 10.0.22621
2025-07-27 14:16:05,152 - Machine: AMD64
2025-07-27 14:16:05,152 - Processor: AMD64 Family 23 Model 160 Stepping 0, AuthenticAMD
2025-07-27 14:16:05,153 - CPU Cores: 8
2025-07-27 14:16:05,153 - RAM (GB): 5.83
2025-07-27 14:16:05,153 - Disk Total (GB): 476.21
2025-07-27 14:16:05,153 - Disk Used (%): 39.7
2025-07-27 14:16:05,153 - Hostname: _Dinesh_karthi_
2025-07-27 14:16:05,154 - IP Address: 192.168.0.3
2025-07-27 14:20:56,990 - OS: Windows
2025-07-27 14:20:56,991 - OS Version: 10.0.22621
2025-07-27 14:20:56,991 - Machine: AMD64
2025-07-27 14:20:56,991 - Processor: AMD64 Family 23 Model 160 Stepping 0, AuthenticAMD
2025-07-27 14:20:56,992 - CPU Cores: 8
2025-07-27 14:20:56,992 - RAM (GB): 5.83
2025-07-27 14:20:56,992 - Disk Total (GB): 476.21
2025-07-27 14:20:56,992 - Disk Used (%): 39.7
2025-07-27 14:20:56,992 - Hostname: _Dinesh_karthi_
2025-07-27 14:20:56,993 - IP Address: 192.168.0.3
2025-07-27 14:23:20,605 - OS: Windows
2025-07-27 14:23:20,606 - OS Version: 10.0.22621
2025-07-27 14:23:20,607 - Machine: AMD64
2025-07-27 14:23:20,607 - Processor: AMD64 Family 23 Model 160 Stepping 0, AuthenticAMD
2025-07-27 14:23:20,607 - CPU Cores: 8
2025-07-27 14:23:20,607 - RAM (GB): 5.83
2025-07-27 14:23:20,607 - Disk Total (GB): 476.21
2025-07-27 14:23:20,608 - Disk Used (%): 39.7
2025-07-27 14:23:20,608 - Hostname: _Dinesh_karthi_
2025-07-27 14:23:20,608 - IP Address: 192.168.0.3
2025-07-27 14:23:56,912 - OS: Windows
2025-07-27 14:23:56,913 - OS Version: 10.0.22621
2025-07-27 14:23:56,913 - Machine: AMD64
2025-07-27 14:23:56,913 - Processor: AMD64 Family 23 Model 160 Stepping 0, AuthenticAMD
2025-07-27 14:23:56,913 - CPU Cores: 8
2025-07-27 14:23:56,914 - RAM (GB): 5.83
2025-07-27 14:23:56,914 - Disk Total (GB): 476.21
2025-07-27 14:23:56,914 - Disk Used (%): 39.7
2025-07-27 14:23:56,914 - Hostname: _Dinesh_karthi_
2025-07-27 14:23:56,914 - IP Address: 192.168.0.3
2025-07-27 14:31:55,618 - OS: Windows
2025-07-27 14:31:55,619 - OS Version: 10.0.22621
2025-07-27 14:31:55,619 - Machine: AMD64
2025-07-27 14:31:55,619 - Processor: AMD64 Family 23 Model 160 Stepping 0, AuthenticAMD
2025-07-27 14:31:55,620 - CPU Cores: 8
2025-07-27 14:31:55,620 - RAM (GB): 5.83
2025-07-27 14:31:55,620 - Disk Total (GB): 476.21
2025-07-27 14:31:55,621 - Disk Used (%): 39.7
2025-07-27 14:31:55,621 - Hostname: _Dinesh_karthi_
2025-07-27 14:31:55,621 - IP Address: 192.168.0.3
2025-07-27 14:34:51,433 - OS: Windows
2025-07-27 14:34:51,433 - OS Version: 10.0.22621
2025-07-27 14:34:51,434 - Machine: AMD64
2025-07-27 14:34:51,434 - Processor: AMD64 Family 23 Model 160 Stepping 0, AuthenticAMD
2025-07-27 14:34:51,434 - CPU Cores: 8
2025-07-27 14:34:51,434 - RAM (GB): 5.83
2025-07-27 14:34:51,434 - Disk Total (GB): 476.21
2025-07-27 14:34:51,435 - Disk Used (%): 39.7
2025-07-27 14:34:51,435 - Hostname: _Dinesh_karthi_
2025-07-27 14:34:51,435 - IP Address: 192.168.0.3
2025-07-27 14:35:42,659 - OS: Windows
2025-07-27 14:35:42,660 - OS Version: 10.0.22621
2025-07-27 14:35:42,660 - Machine: AMD64
2025-07-27 14:35:42,660 - Processor: AMD64 Family 23 Model 160 Stepping 0, AuthenticAMD
2025-07-27 14:35:42,660 - CPU Cores: 8
2025-07-27 14:35:42,661 - RAM (GB): 5.83
2025-07-27 14:35:42,661 - Disk Total (GB): 476.21
2025-07-27 14:35:42,661 - Disk Used (%): 39.7
2025-07-27 14:35:42,661 - Hostname: _Dinesh_karthi_
2025-07-27 14:35:42,661 - IP Address: 192.168.0.3
2025-07-28 20:14:22,369 - OS: Windows

2025-07-28 20:14:22,370 - OS Version: 10.0.22621

2025-07-28 20:14:22,370 - Machine: AMD64

2025-07-28 20:14:22,370 - Processor: AMD64 Family 23 Model 160 Stepping 0, AuthenticAMD

2025-07-28 20:14:22,370 - CPU Cores: 8

2025-07-28 20:14:22,370 - RAM (GB): 5.83

2025-07-28 20:14:22,370 - Disk Total (GB): 476.21

2025-07-28 20:14:22,370 - Disk Used (%): 40.2

2025-07-28 20:14:22,370 - Hostname: _Dinesh_karthi_

2025-07-28 20:14:22,370 - IP Address: 192.168.0.5

2025-08-02 14:16:57,744 - OS: Windows

2025-08-02 14:16:57,748 - OS Version: 10.0.22621

2025-08-02 14:16:57,749 - Machine: AMD64

2025-08-02 14:16:57,749 - Processor: AMD64 Family 23 Model 160 Stepping 0, AuthenticAMD

2025-08-02 14:16:57,749 - CPU Cores: 8

2025-08-02 14:16:57,749 - RAM (GB): 5.83

2025-08-02 14:16:57,749 - Disk Total (GB): 476.21

2025-08-02 14:16:57,749 - Disk Used (%): 32.9

2025-08-02 14:16:57,749 - Hostname: _Dinesh_karthi_

2025-08-02 14:16:57,750 - IP Address: 192.168.0.7

2025-08-02 14:20:29,403 - OS: Windows

2025-08-02 14:20:29,404 - OS Version: 10.0.22621

2025-08-02 14:20:29,405 - Machine: AMD64

2025-08-02 14:20:29,405 - Processor: AMD64 Family 23 Model 160 Stepping 0, AuthenticAMD

2025-08-02 14:20:29,405 - CPU Cores: 8

2025-08-02 14:20:29,405 - RAM (GB): 5.83

2025-08-02 14:20:29,405 - Disk Total (GB): 476.21

2025-08-02 14:20:29,405 - Disk Used (%): 32.9

2025-08-02 14:20:29,405 - Hostname: _Dinesh_karthi_

2025-08-02 14:20:29,406 - IP Address: 192.168.0.7

2025-08-12 14:15:23,635 - OS: Windows

2025-08-12 14:15:23,641 - OS Version: 10.0.22621

2025-08-12 14:15:23,642 - Machine: AMD64

2025-08-12 14:15:23,642 - Processor: AMD64 Family 23 Model 160 Stepping 0, AuthenticAMD

2025-08-12 14:15:23,642 - CPU Cores: 8

2025-08-12 14:15:23,642 - RAM (GB): 5.83

2025-08-12 14:15:23,643 - Disk Total (GB): 476.21

2025-08-12 14:15:23,643 - Disk Used (%): 33.9

2025-08-12 14:15:23,643 - Hostname: _Dinesh_karthi_

2025-08-12 14:15:23,643 - IP Address: 192.168.0.8

2025-08-13 15:54:52,943 - OS: Windows

2025-08-13 15:54:52,943 - OS Version: 10.0.22621

2025-08-13 15:54:52,943 - Machine: AMD64

2025-08-13 15:54:52,943 - Processor: AMD64 Family 23 Model 160 Stepping 0, AuthenticAMD

2025-08-13 15:54:52,943 - CPU Cores: 8

2025-08-13 15:54:52,943 - RAM (GB): 5.83

2025-08-13 15:54:52,943 - Disk Total (GB): 476.21

2025-08-13 15:54:52,943 - Disk Used (%): 34.0

2025-08-13 15:54:52,943 - Hostname: _Dinesh_karthi_

2025-08-13 15:54:52,943 - IP Address: 192.168.0.4

2025-08-18 15:36:16,925 - OS: Windows
2025-08-18 15:36:16,925 - OS Version: 10.0.22621
2025-08-18 15:36:16,925 - Machine: AMD64
2025-08-18 15:36:16,925 - Processor: AMD64 Family 23 Model 160 Stepping 0, AuthenticAMD
2025-08-18 15:36:16,925 - CPU Cores: 8
2025-08-18 15:36:16,925 - RAM (GB): 5.83
2025-08-18 15:36:16,925 - Disk Total (GB): 476.21
2025-08-18 15:36:16,925 - Disk Used (%): 34.9
2025-08-18 15:36:16,925 - Hostname: _Dinesh_karthi_
2025-08-18 15:36:16,925 - IP Address: 192.168.0.3
