2025-07-27 15:31:04,716 - OS: Windows
2025-07-27 15:31:04,716 - OS Version: 10.0.22621
2025-07-27 15:31:04,716 - Machine: AMD64
2025-07-27 15:31:04,717 - Processor: AMD64 Family 23 Model 160 Stepping 0, AuthenticAMD
2025-07-27 15:31:04,717 - CPU Cores: 8
2025-07-27 15:31:04,717 - RAM (GB): 5.83
2025-07-27 15:31:04,717 - Disk Total (GB): 476.21
2025-07-27 15:31:04,717 - Disk Used (%): 39.7
2025-07-27 15:31:04,718 - Hostname: _Dinesh_karthi_
2025-07-27 15:31:04,718 - IP Address: 192.168.0.3
2025-07-27 15:33:56,958 - OS: Windows
2025-07-27 15:33:56,959 - OS Version: 10.0.22621
2025-07-27 15:33:56,959 - Machine: AMD64
2025-07-27 15:33:56,959 - Processor: AMD64 Family 23 Model 160 Stepping 0, AuthenticAMD
2025-07-27 15:33:56,960 - CPU Cores: 8
2025-07-27 15:33:56,960 - RAM (GB): 5.83
2025-07-27 15:33:56,960 - Disk Total (GB): 476.21
2025-07-27 15:33:56,960 - Disk Used (%): 39.7
2025-07-27 15:33:56,960 - Hostname: _Dinesh_karthi_
2025-07-27 15:33:56,960 - IP Address: 192.168.0.3
2025-07-27 15:34:32,520 - OS: Windows
2025-07-27 15:34:32,520 - OS Version: 10.0.22621
2025-07-27 15:34:32,520 - Machine: AMD64
2025-07-27 15:34:32,520 - Processor: AMD64 Family 23 Model 160 Stepping 0, AuthenticAMD
2025-07-27 15:34:32,520 - CPU Cores: 8
2025-07-27 15:34:32,520 - RAM (GB): 5.83
2025-07-27 15:34:32,521 - Disk Total (GB): 476.21
2025-07-27 15:34:32,521 - Disk Used (%): 39.7
2025-07-27 15:34:32,521 - Hostname: _Dinesh_karthi_
2025-07-27 15:34:32,521 - IP Address: 192.168.0.3
2025-07-27 15:34:39,771 - OS: Windows
2025-07-27 15:34:39,771 - OS Version: 10.0.22621
2025-07-27 15:34:39,771 - Machine: AMD64
2025-07-27 15:34:39,772 - Processor: AMD64 Family 23 Model 160 Stepping 0, AuthenticAMD
2025-07-27 15:34:39,772 - CPU Cores: 8
2025-07-27 15:34:39,772 - RAM (GB): 5.83
2025-07-27 15:34:39,772 - Disk Total (GB): 476.21
2025-07-27 15:34:39,772 - Disk Used (%): 39.7
2025-07-27 15:34:39,772 - Hostname: _Dinesh_karthi_
2025-07-27 15:34:39,772 - IP Address: 192.168.0.3
